

===== 2025-09-26 18:20:19 =====
命令: cmake .. -G MinGW Makefiles -DCMAKE_BUILD_TYPE=Release
输出:
-- The C compiler identification is GNU 15.2.0
-- The CXX compiler identification is GNU 15.2.0
-- Detecting C compiler ABI info
-- Detecting C compiler ABI info - done
-- Check for working C compiler: D:/software/mingw64/bin/cc.exe - skipped
-- Detecting C compile features
-- Detecting C compile features - done
-- Detecting CXX compiler ABI info
-- Detecting CXX compiler ABI info - done
-- Check for working CXX compiler: D:/software/mingw64/bin/c++.exe - skipped
-- Detecting CXX compile features
-- Detecting CXX compile features - done
-- Configuring done (1.4s)
-- Generating done (0.0s)
-- Build files have been written to: D:/code/project1/build


===== 2025-09-26 18:20:21 =====
命令: mingw32-make
输出:
[ 33%] Building CXX object CMakeFiles/MyProject.dir/src/result.cpp.obj
[ 66%] Building CXX object CMakeFiles/MyProject.dir/src/return_explicit.cpp.obj
[100%] Linking CXX executable MyProject.exe
[100%] Built target MyProject
